<?xml version="1.0" encoding="UTF-8"?>
<!-- Generated by org.testng.reporters.JUnitReportReporter -->
<testsuite skipped="0" hostname="LAPTOP-DQ5HS337" name="com.fb.qa.testcases.FBLoginTest" tests="3" failures="0" timestamp="08 Aug 2020 21:39:40 GMT" time="8.162" errors="0">
  <testcase name="takePhoto" time="0.805" classname="com.fb.qa.testcases.FBLoginTest"/>
  <testcase name="EnterSignUpData" time="7.163" classname="com.fb.qa.testcases.FBLoginTest"/>
  <testcase name="checkEnabledElements" time="0.194" classname="com.fb.qa.testcases.FBLoginTest"/>
</testsuite> <!-- com.fb.qa.testcases.FBLoginTest -->
