<?xml version="1.0" encoding="UTF-8"?>
<!-- Generated by org.testng.reporters.JUnitReportReporter -->
<testsuite skipped="0" hostname="LAPTOP-DQ5HS337" name="com.fb.qa.testcases.FBLoginTest" tests="3" failures="0" timestamp="08 Aug 2020 20:38:23 GMT" time="8.779" errors="0">
  <testcase name="checkEnabledElements" time="0.227" classname="com.fb.qa.testcases.FBLoginTest"/>
  <testcase name="EnterSignUpData" time="7.714" classname="com.fb.qa.testcases.FBLoginTest"/>
  <testcase name="takePhoto" time="0.838" classname="com.fb.qa.testcases.FBLoginTest"/>
</testsuite> <!-- com.fb.qa.testcases.FBLoginTest -->
