<?xml version="1.0" encoding="UTF-8"?>
<!-- Generated by org.testng.reporters.JUnitReportReporter -->
<testsuite skipped="0" hostname="LAPTOP-DQ5HS337" name="com.fb.qa.testcases.FbTest2" tests="3" failures="0" timestamp="2020-02-16T23:51:37 IST" time="9.364" errors="0">
  <testcase name="takePhoto" time="0.629" classname="com.fb.qa.testcases.FbTest2"/>
  <testcase name="checkEnabledElements" time="0.785" classname="com.fb.qa.testcases.FbTest2"/>
  <testcase name="EnterSignUpData" time="7.950" classname="com.fb.qa.testcases.FbTest2"/>
</testsuite> <!-- com.fb.qa.testcases.FbTest2 -->
